<?xml version="1.0" encoding="UTF-8"?>
<!-- Generated by org.testng.reporters.JUnitReportReporter -->
<testsuite skipped="0" hostname="User-PC" name="AutomationPractice.BootstrapDynamicTable" tests="1" failures="0" timestamp="10 Jun 2021 10:38:36 GMT" time="5.090" errors="1">
  <testcase name="dynamicTable" time="5.090" classname="AutomationPractice.BootstrapDynamicTable">
    <error type="org.openqa.selenium.SessionNotCreatedException" message="session not created: This version of ChromeDriver only supports Chrome version 83
Build info: version: &#039;3.14.0&#039;, revision: &#039;aacccce0&#039;, time: &#039;2018-08-02T20:19:58.91Z&#039;
System info: host: &#039;USER-PC&#039;, ip: &#039;192.168.0.2&#039;, os.name: &#039;Windows 7&#039;, os.arch: &#039;amd64&#039;, os.version: &#039;6.1&#039;, java.version: &#039;1.8.0_241&#039;
Driver info: driver.version: ChromeDriver
remote stacktrace: Backtrace:
	Ordinal0 [0x00BF9563+2725219]
	Ordinal0 [0x00AF8551+1672529]
	Ordinal0 [0x009E0359+525145]
	Ordinal0 [0x00970B77+68471]
	Ordinal0 [0x0096D32C+54060]
	Ordinal0 [0x0098CC37+183351]
	Ordinal0 [0x0098CA3D+182845]
	Ordinal0 [0x0098A94B+174411]
	Ordinal0 [0x00972528+75048]
	Ordinal0 [0x009735A0+79264]
	Ordinal0 [0x00973539+79161]
	Ordinal0 [0x00B0D607+1758727]
	GetHandleVerifier [0x00D16546+1050150]
	GetHandleVerifier [0x00D16291+1049457]
	GetHandleVerifier [0x00D210D7+1094071]
	GetHandleVerifier [0x00D16B46+1051686]
	Ordinal0 [0x00B05B06+1727238]
	Ordinal0 [0x00B0EB7B+1764219]
	Ordinal0 [0x00B0ECE3+1764579]
	Ordinal0 [0x00B24C05+1854469]
	BaseThreadInitThunk [0x76BB3677+18]
	RtlInitializeExceptionChain [0x77109D72+99]
	RtlInitializeExceptionChain [0x77109D45+54]
">
      <![CDATA[org.openqa.selenium.SessionNotCreatedException: session not created: This version of ChromeDriver only supports Chrome version 83
Build info: version: '3.14.0', revision: 'aacccce0', time: '2018-08-02T20:19:58.91Z'
System info: host: 'USER-PC', ip: '192.168.0.2', os.name: 'Windows 7', os.arch: 'amd64', os.version: '6.1', java.version: '1.8.0_241'
Driver info: driver.version: ChromeDriver
remote stacktrace: Backtrace:
Ordinal0 [0x00BF9563+2725219]
Ordinal0 [0x00AF8551+1672529]
Ordinal0 [0x009E0359+525145]
Ordinal0 [0x00970B77+68471]
Ordinal0 [0x0096D32C+54060]
Ordinal0 [0x0098CC37+183351]
Ordinal0 [0x0098CA3D+182845]
Ordinal0 [0x0098A94B+174411]
Ordinal0 [0x00972528+75048]
Ordinal0 [0x009735A0+79264]
Ordinal0 [0x00973539+79161]
Ordinal0 [0x00B0D607+1758727]
GetHandleVerifier [0x00D16546+1050150]
GetHandleVerifier [0x00D16291+1049457]
GetHandleVerifier [0x00D210D7+1094071]
GetHandleVerifier [0x00D16B46+1051686]
Ordinal0 [0x00B05B06+1727238]
Ordinal0 [0x00B0EB7B+1764219]
Ordinal0 [0x00B0ECE3+1764579]
Ordinal0 [0x00B24C05+1854469]
BaseThreadInitThunk [0x76BB3677+18]
RtlInitializeExceptionChain [0x77109D72+99]
RtlInitializeExceptionChain [0x77109D45+54]

at sun.reflect.NativeConstructorAccessorImpl.newInstance0(Native Method)
at sun.reflect.NativeConstructorAccessorImpl.newInstance(Unknown Source)
at sun.reflect.DelegatingConstructorAccessorImpl.newInstance(Unknown Source)
at java.lang.reflect.Constructor.newInstance(Unknown Source)
at org.openqa.selenium.remote.W3CHandshakeResponse.lambda$new$0(W3CHandshakeResponse.java:57)
at org.openqa.selenium.remote.W3CHandshakeResponse.lambda$getResponseFunction$2(W3CHandshakeResponse.java:104)
at org.openqa.selenium.remote.ProtocolHandshake.lambda$createSession$0(ProtocolHandshake.java:122)
at java.util.stream.ReferencePipeline$3$1.accept(Unknown Source)
at java.util.Spliterators$ArraySpliterator.tryAdvance(Unknown Source)
at java.util.stream.ReferencePipeline.forEachWithCancel(Unknown Source)
at java.util.stream.AbstractPipeline.copyIntoWithCancel(Unknown Source)
at java.util.stream.AbstractPipeline.copyInto(Unknown Source)
at java.util.stream.AbstractPipeline.wrapAndCopyInto(Unknown Source)
at java.util.stream.FindOps$FindOp.evaluateSequential(Unknown Source)
at java.util.stream.AbstractPipeline.evaluate(Unknown Source)
at java.util.stream.ReferencePipeline.findFirst(Unknown Source)
at org.openqa.selenium.remote.ProtocolHandshake.createSession(ProtocolHandshake.java:125)
at org.openqa.selenium.remote.ProtocolHandshake.createSession(ProtocolHandshake.java:73)
at org.openqa.selenium.remote.HttpCommandExecutor.execute(HttpCommandExecutor.java:136)
at org.openqa.selenium.remote.service.DriverCommandExecutor.execute(DriverCommandExecutor.java:83)
at org.openqa.selenium.remote.RemoteWebDriver.execute(RemoteWebDriver.java:548)
at org.openqa.selenium.remote.RemoteWebDriver.startSession(RemoteWebDriver.java:212)
at org.openqa.selenium.remote.RemoteWebDriver.<init>(RemoteWebDriver.java:130)
at org.openqa.selenium.chrome.ChromeDriver.<init>(ChromeDriver.java:181)
at org.openqa.selenium.chrome.ChromeDriver.<init>(ChromeDriver.java:168)
at org.openqa.selenium.chrome.ChromeDriver.<init>(ChromeDriver.java:123)
at AutomationPractice.BootstrapDynamicTable.dynamicTable(BootstrapDynamicTable.java:17)
at sun.reflect.NativeMethodAccessorImpl.invoke0(Native Method)
at sun.reflect.NativeMethodAccessorImpl.invoke(Unknown Source)
at sun.reflect.DelegatingMethodAccessorImpl.invoke(Unknown Source)
at java.lang.reflect.Method.invoke(Unknown Source)
at org.testng.internal.MethodInvocationHelper.invokeMethod(MethodInvocationHelper.java:124)
at org.testng.internal.Invoker.invokeMethod(Invoker.java:583)
at org.testng.internal.Invoker.invokeTestMethod(Invoker.java:719)
at org.testng.internal.Invoker.invokeTestMethods(Invoker.java:989)
at org.testng.internal.TestMethodWorker.invokeTestMethods(TestMethodWorker.java:125)
at org.testng.internal.TestMethodWorker.run(TestMethodWorker.java:109)
at org.testng.TestRunner.privateRun(TestRunner.java:648)
at org.testng.TestRunner.run(TestRunner.java:505)
at org.testng.SuiteRunner.runTest(SuiteRunner.java:455)
at org.testng.SuiteRunner.runSequentially(SuiteRunner.java:450)
at org.testng.SuiteRunner.privateRun(SuiteRunner.java:415)
at org.testng.SuiteRunner.run(SuiteRunner.java:364)
at org.testng.SuiteRunnerWorker.runSuite(SuiteRunnerWorker.java:52)
at org.testng.SuiteRunnerWorker.run(SuiteRunnerWorker.java:84)
at org.testng.TestNG.runSuitesSequentially(TestNG.java:1208)
at org.testng.TestNG.runSuitesLocally(TestNG.java:1137)
at org.testng.TestNG.runSuites(TestNG.java:1049)
at org.testng.TestNG.run(TestNG.java:1017)
at org.testng.remote.AbstractRemoteTestNG.run(AbstractRemoteTestNG.java:114)
at org.testng.remote.RemoteTestNG.initAndRun(RemoteTestNG.java:251)
at org.testng.remote.RemoteTestNG.main(RemoteTestNG.java:77)
]]>
    </error>
  </testcase> <!-- dynamicTable -->
</testsuite> <!-- AutomationPractice.BootstrapDynamicTable -->
